生成启动时间为 2016/11/4 17:56:21。
     1>项目“D:\win32projects\betternet\networklib\networklib.vcxproj”在节点 2 上(Build 个目标)。
     1>ClCompile:
         F:\Program Files (x86)\VC\bin\CL.exe /c /ZI /nologo /W3 /WX- /sdl /Od /Oy- /D WIN32 /D _DEBUG /D _CONSOLE /D _UNICODE /D UNICODE /Gm /EHsc /RTC1 /MDd /GS /fp:precise /Zc:wchar_t /Zc:forScope /Fo"Debug\\" /Fd"Debug\vc110.pdb" /Gd /TP /analyze- /errorReport:prompt networklib.cpp
         networklib.cpp
       Link:
         F:\Program Files (x86)\VC\bin\link.exe /ERRORREPORT:PROMPT /OUT:"D:\win32projects\betternet\Debug\networklib.exe" /INCREMENTAL /NOLOGO ws2_32.lib kernel32.lib user32.lib gdi32.lib winspool.lib comdlg32.lib advapi32.lib shell32.lib ole32.lib oleaut32.lib uuid.lib odbc32.lib odbccp32.lib /MANIFEST /MANIFESTUAC:"level='asInvoker' uiAccess='false'" /manifest:embed /DEBUG /PDB:"D:\win32projects\betternet\Debug\networklib.pdb" /SUBSYSTEM:CONSOLE /TLBID:1 /DYNAMICBASE /NXCOMPAT /IMPLIB:"D:\win32projects\betternet\Debug\networklib.lib" /MACHINE:X86 Debug\msghandler.obj
         Debug\basethread.obj
         Debug\condition.obj
         Debug\epollop.obj
         Debug\modelmanager.obj
         Debug\mutex.obj
         Debug\netmodeldef.obj
         Debug\readbuffer.obj
         Debug\selectop.obj
         Debug\socketbuffer.obj
         Debug\socketwrapper.obj
         Debug\writebuffer.obj
         Debug\networklib.obj
         Debug\stdafx.obj
         LINK : 没有找到 D:\win32projects\betternet\Debug\networklib.exe 或上一个增量链接没有生成它；正在执行完全链接
         networklib.vcxproj -> D:\win32projects\betternet\Debug\networklib.exe
     1>已完成生成项目“D:\win32projects\betternet\networklib\networklib.vcxproj”(Build 个目标)的操作。

生成成功。

已用时间 00:00:01.59
