D:\WIN32PROJECTS\BETTERNET\NETWORKLIB\DEBUG\NETWORKLIB.PCH
D:\WIN32PROJECTS\BETTERNET\NETWORKLIB\DEBUG\STDAFX.OBJ
D:\WIN32PROJECTS\BETTERNET\NETWORKLIB\DEBUG\VC110.PDB
D:\WIN32PROJECTS\BETTERNET\NETWORKLIB\DEBUG\BASETHREAD.OBJ
D:\WIN32PROJECTS\BETTERNET\NETWORKLIB\DEBUG\EPOLLOP.OBJ
D:\WIN32PROJECTS\BETTERNET\NETWORKLIB\DEBUG\MODELMANAGER.OBJ
D:\WIN32PROJECTS\BETTERNET\NETWORKLIB\DEBUG\NETMODELDEF.OBJ
D:\WIN32PROJECTS\BETTERNET\NETWORKLIB\DEBUG\READBUFFER.OBJ
D:\WIN32PROJECTS\BETTERNET\NETWORKLIB\DEBUG\SELECTOP.OBJ
D:\WIN32PROJECTS\BETTERNET\NETWORKLIB\DEBUG\SOCKETBUFFER.OBJ
D:\WIN32PROJECTS\BETTERNET\NETWORKLIB\DEBUG\SOCKETWRAPPER.OBJ
D:\WIN32PROJECTS\BETTERNET\NETWORKLIB\DEBUG\WRITEBUFFER.OBJ
D:\WIN32PROJECTS\BETTERNET\NETWORKLIB\DEBUG\NETWORKLIB.OBJ
D:\WIN32PROJECTS\BETTERNET\NETWORKLIB\DEBUG\MUTEX.OBJ
D:\WIN32PROJECTS\BETTERNET\NETWORKLIB\DEBUG\CONDITION.OBJ
D:\WIN32PROJECTS\BETTERNET\DEBUG\NETWORKLIB.ILK
D:\WIN32PROJECTS\BETTERNET\DEBUG\NETWORKLIB.EXE
D:\WIN32PROJECTS\BETTERNET\DEBUG\NETWORKLIB.PDB
D:\win32projects\betternet\networklib\Debug\basethread.obj
D:\win32projects\betternet\networklib\Debug\condition.obj
D:\win32projects\betternet\networklib\Debug\epollop.obj
D:\win32projects\betternet\networklib\Debug\modelmanager.obj
D:\win32projects\betternet\networklib\Debug\mutex.obj
D:\win32projects\betternet\networklib\Debug\netmodeldef.obj
D:\win32projects\betternet\networklib\Debug\networklib.obj
D:\win32projects\betternet\networklib\Debug\readbuffer.obj
D:\win32projects\betternet\networklib\Debug\selectop.obj
D:\win32projects\betternet\networklib\Debug\socketbuffer.obj
D:\win32projects\betternet\networklib\Debug\socketwrapper.obj
D:\win32projects\betternet\networklib\Debug\stdafx.obj
D:\win32projects\betternet\networklib\Debug\writebuffer.obj
D:\win32projects\betternet\networklib\Debug\cl.command.1.tlog
D:\win32projects\betternet\networklib\Debug\CL.read.1.tlog
D:\win32projects\betternet\networklib\Debug\CL.write.1.tlog
D:\win32projects\betternet\networklib\Debug\link-cvtres.read.1.tlog
D:\win32projects\betternet\networklib\Debug\link-cvtres.write.1.tlog
D:\win32projects\betternet\networklib\Debug\link-rc.read.1.tlog
D:\win32projects\betternet\networklib\Debug\link-rc.write.1.tlog
D:\win32projects\betternet\networklib\Debug\link.6680-cvtres.read.1.tlog
D:\win32projects\betternet\networklib\Debug\link.6680-cvtres.write.1.tlog
D:\win32projects\betternet\networklib\Debug\link.6680-rc.read.1.tlog
D:\win32projects\betternet\networklib\Debug\link.6680-rc.write.1.tlog
D:\win32projects\betternet\networklib\Debug\link.6680.read.1.tlog
D:\win32projects\betternet\networklib\Debug\link.6680.write.1.tlog
D:\win32projects\betternet\networklib\Debug\link.command.1.tlog
D:\win32projects\betternet\networklib\Debug\link.read.1.tlog
D:\win32projects\betternet\networklib\Debug\link.write.1.tlog
D:\win32projects\betternet\networklib\Debug\networklib.pch
D:\win32projects\betternet\networklib\Debug\vc110.idb
D:\win32projects\betternet\networklib\Debug\vc110.pdb
D:\win32projects\betternet\Debug\networklib.pdb
D:\win32projects\betternet\Debug\networklib.exe
D:\win32projects\betternet\Debug\networklib.ilk
